<?xml version="1.0" encoding="UTF-8"?>
<!-- Generated by org.testng.reporters.JUnitReportReporter -->
<testsuite skipped="0" hostname="qedge11-PC" name="Testing.Java" tests="1" failures="0" timestamp="2 Nov 2016 13:48:46 GMT" time="0.001" errors="0">
  <testcase name="Main1" time="0.001" classname="Testing.Java"/>
</testsuite> <!-- Testing.Java -->
