<?xml version="1.0" encoding="UTF-8"?>
<!-- Generated by org.testng.reporters.JUnitReportReporter -->
<testsuite skipped="0" hostname="qedge11-PC" name="Testing.Testing" tests="1" failures="0" timestamp="2 Nov 2016 13:48:46 GMT" time="0.007" errors="0">
  <testcase name="Main" time="0.007" classname="Testing.Testing"/>
</testsuite> <!-- Testing.Testing -->
